<?xml version="1.0" encoding="UTF-8"?>
<!-- Generated by org.testng.reporters.JUnitReportReporter -->
<testsuite hostname="STXLAPTOP13" name="com.stabilix.hcdemo.test.HcNewMemberRoamingRegistrationTest" tests="1" failures="0" timestamp="8 Jun 2017 11:03:33 GMT" time="155.368" errors="0">
  <testcase name="newMemberRoamingRegistration" time="155.368" classname="com.stabilix.hcdemo.test.HcNewMemberRoamingRegistrationTest"/>
</testsuite> <!-- com.stabilix.hcdemo.test.HcNewMemberRoamingRegistrationTest -->
