<?xml version="1.0" encoding="UTF-8"?>
<!-- Generated by org.testng.reporters.JUnitReportReporter -->
<testsuite hostname="STXLAPTOP13" name="com.stabilix.hcdemo.test.NewTest" tests="1" failures="0" timestamp="8 Dec 2017 11:40:43 GMT" time="0.126" errors="0">
  <testcase name="f" time="0.126" classname="com.stabilix.hcdemo.test.NewTest"/>
</testsuite> <!-- com.stabilix.hcdemo.test.NewTest -->
